[18:20:53] [ServerMain/INFO]: Building unoptimized datafixer
[18:20:54] [ServerMain/INFO]: Environment: authHost='https://authserver.mojang.com', accountsHost='https://api.mojang.com', sessionHost='https://sessionserver.mojang.com', servicesHost='https://api.minecraftservices.com', name='PROD'
[18:20:55] [ServerMain/INFO]: Loaded 7 recipes
[18:20:56] [Server thread/INFO]: Starting minecraft server version 1.19.2
[18:20:56] [Server thread/INFO]: Loading properties
[18:20:56] [Server thread/INFO]: This server is running Paper version git-Paper-201 (MC: 1.19.2) (Implementing API version 1.19.2-R0.1-SNAPSHOT) (Git: 57555b8)
[18:20:56] [Server thread/INFO]: Server Ping Player Sample Count: 12
[18:20:56] [Server thread/INFO]: Using 4 threads for Netty based IO
[18:20:57] [Server thread/INFO]: [ChunkTaskScheduler] Chunk system is using 1 I/O threads, 3 worker threads, and gen parallelism of 3 threads
[18:20:57] [Server thread/INFO]: Default game type: SURVIVAL
[18:20:57] [Server thread/INFO]: Generating keypair
[18:20:57] [Server thread/INFO]: Starting Minecraft server on *:25565
[18:20:57] [Server thread/INFO]: Using default channel type
[18:20:57] [Server thread/INFO]: Paper: Using Java compression from Velocity.
[18:20:57] [Server thread/INFO]: Paper: Using Java cipher from Velocity.
[18:20:57] [Server thread/INFO]: [CoreProtect] Loading CoreProtect v21.2
[18:20:57] [Server thread/INFO]: [LuckPerms] Loading LuckPerms v5.4.49
[18:20:58] [Server thread/INFO]: [Vault] Loading Vault v1.7.3-b131
[18:20:58] [Server thread/INFO]: [Essentials] Loading Essentials v2.20.0-dev+9-dc7fb91
[18:20:58] [Server thread/INFO]: [EssentialsSpawn] Loading EssentialsSpawn v2.20.0-dev+9-dc7fb91
[18:20:58] [Server thread/INFO]: [EssentialsChat] Loading EssentialsChat v2.20.0-dev+9-dc7fb91
[18:20:58] [Server thread/INFO]: [EssentialsDiscord] Loading EssentialsDiscord v2.20.0-dev+9-dc7fb91
[18:20:58] [Server thread/INFO]: Server permissions file permissions.yml is empty, ignoring it
[18:20:58] [Server thread/INFO]: [LuckPerms] Enabling LuckPerms v5.4.49
[18:20:58] [Server thread/INFO]:         __    
[18:20:58] [Server thread/INFO]:   |    |__)   LuckPerms v5.4.49
[18:20:58] [Server thread/INFO]:   |___ |      Running on Bukkit - Paper
[18:20:58] [Server thread/INFO]: 
[18:20:58] [Server thread/INFO]: [LuckPerms] Loading configuration...
[18:20:58] [Server thread/INFO]: [LuckPerms] Loading storage provider... [H2]
[18:20:58] [Server thread/INFO]: [LuckPerms] Loading internal permission managers...
[18:20:58] [Server thread/INFO]: [LuckPerms] Performing initial data load...
[18:20:59] [Server thread/INFO]: [LuckPerms] Successfully enabled. (took 974ms)
[18:20:59] [Server thread/INFO]: [Vault] Enabling Vault v1.7.3-b131
[18:20:59] [Server thread/WARN]: [Vault] Loaded class com.earth2me.essentials.api.Economy from Essentials v2.20.0-dev+9-dc7fb91 which is not a depend or softdepend of this plugin.
[18:20:59] [Server thread/INFO]: [Vault] [Economy] Essentials Economy found: Waiting
[18:20:59] [Server thread/INFO]: [Vault] [Permission] SuperPermissions loaded as backup permission system.
[18:20:59] [Server thread/INFO]: [Vault] Enabled Version 1.7.3-b131
[18:20:59] [Server thread/INFO]: [LuckPerms] Registered Vault permission & chat hook.
[18:20:59] [Server thread/WARN]: **** SERVER IS RUNNING IN OFFLINE/INSECURE MODE!
[18:20:59] [Server thread/WARN]: The server will make no attempt to authenticate usernames. Beware.
[18:20:59] [Server thread/WARN]: While this makes the game possible to play without internet access, it also opens up the ability for hackers to connect with any username they choose.
[18:20:59] [Server thread/WARN]: To change this, set "online-mode" to "true" in the server.properties file.
[18:20:59] [Server thread/INFO]: Preparing level "world"
[18:20:59] [Server thread/INFO]: Preparing start region for dimension minecraft:overworld
[18:20:59] [Server thread/INFO]: Time elapsed: 84 ms
[18:20:59] [Server thread/INFO]: Preparing start region for dimension minecraft:the_nether
[18:20:59] [Server thread/INFO]: Time elapsed: 24 ms
[18:20:59] [Server thread/INFO]: Preparing start region for dimension minecraft:the_end
[18:20:59] [Server thread/INFO]: Time elapsed: 22 ms
[18:20:59] [Server thread/INFO]: [CoreProtect] Enabling CoreProtect v21.2
[18:21:00] [Server thread/INFO]: [CoreProtect] CoreProtect has been successfully enabled! 
[18:21:00] [Server thread/INFO]: [CoreProtect] Using SQLite for data storage.
[18:21:00] [Server thread/INFO]: --------------------
[18:21:00] [Server thread/INFO]: [CoreProtect] Enjoy CoreProtect? Join our Discord!
[18:21:00] [Server thread/INFO]: [CoreProtect] Discord: www.coreprotect.net/discord/
[18:21:00] [Server thread/INFO]: --------------------
[18:21:00] [Server thread/INFO]: [Essentials] Enabling Essentials v2.20.0-dev+9-dc7fb91
[18:21:00] [Server thread/INFO]: [Essentials] Attempting to convert old kits in config.yml to new kits.yml
[18:21:00] [Server thread/INFO]: [Essentials] No kits found to migrate.
[18:21:00] [Server thread/INFO]: [Essentials] Loaded 38132 items from items.json.
[18:21:00] [Server thread/INFO]: [Essentials] Using locale ru_RU
[18:21:00] [Server thread/INFO]: [Essentials] ServerListPingEvent: Spigot iterator API
[18:21:00] [Server thread/INFO]: [Essentials] Starting Metrics. Opt-out using the global bStats config.
[18:21:00] [Server thread/INFO]: [Vault] [Economy] Essentials Economy hooked.
[18:21:00] [Server thread/INFO]: [Essentials] Using Vault based permissions (LuckPerms)
[18:21:00] [Server thread/INFO]: [EssentialsSpawn] Enabling EssentialsSpawn v2.20.0-dev+9-dc7fb91
[18:21:00] [Server thread/INFO]: [EssentialsSpawn] Starting Metrics. Opt-out using the global bStats config.
[18:21:00] [Server thread/INFO]: [EssentialsChat] Enabling EssentialsChat v2.20.0-dev+9-dc7fb91
[18:21:00] [Server thread/INFO]: [EssentialsChat] Secure signed chat and previews are enabled.
[18:21:00] [Server thread/INFO]: [EssentialsChat] Starting Metrics. Opt-out using the global bStats config.
[18:21:00] [Server thread/INFO]: [EssentialsDiscord] Enabling EssentialsDiscord v2.20.0-dev+9-dc7fb91
[18:21:00] [Server thread/INFO]: [EssentialsDiscord] Starting Metrics. Opt-out using the global bStats config.
[18:21:00] [Server thread/INFO]: [EssentialsDiscord] Попытка входа в Discord...
[18:21:00] [Server thread/ERROR]: [EssentialsDiscord] Произошла ошибка при входе в Discord, что привело к отключению плагина: 
Токен не предоставлен! Пожалуйста, следуйте руководству в конфигурации для верной настройки плагина.
[18:21:00] [Server thread/INFO]: Running delayed init tasks
[18:21:00] [Craft Scheduler Thread - 3 - Essentials/INFO]: [Essentials] Получение информации о версии...
[18:21:00] [Server thread/INFO]: [Essentials] Essentials found a compatible payment resolution method: Vault Compatibility Layer (v1.7.3-b131)!
[18:21:00] [Server thread/INFO]: Done (4.009s)! For help, type "help"
[18:21:00] [Server thread/INFO]: Timings Reset
[18:21:00] [Craft Scheduler Thread - 4 - Vault/INFO]: [Vault] Checking for Updates ... 
[18:21:01] [Craft Scheduler Thread - 4 - Vault/INFO]: [Vault] No new version available
[18:21:16] [User Authenticator #0/INFO]: UUID of player zero0_0 is 02d11fcd-d7ff-3afd-82a6-6d4ca4d2d14c
[18:21:16] [Server thread/INFO]: zero0_0 joined the game
[18:21:16] [Server thread/INFO]: zero0_0[/127.0.0.1:51895] logged in with entity id 231 at ([world]155.18887050093642, 85.75107977214573, 284.91439364195946)
[18:25:48] [Server thread/INFO]: zero0_0 lost connection: Disconnected
[18:25:48] [Server thread/INFO]: zero0_0 left the game
[18:27:49] [User Authenticator #1/INFO]: UUID of player zero0_0 is 02d11fcd-d7ff-3afd-82a6-6d4ca4d2d14c
[18:27:49] [Server thread/INFO]: zero0_0 joined the game
[18:27:49] [Server thread/INFO]: zero0_0[/127.0.0.1:51983] logged in with entity id 705 at ([world]161.65558452393748, 67.0, 276.41779523248323)
[18:29:25] [Server thread/INFO]: zero0_0 issued server command: /lp editor
[18:37:07] [Server thread/INFO]: zero0_0 issued server command: /lp applyedits 2LY3DDNzZO
[18:37:07] [luckperms-command-executor/INFO]: [LP] LOG > (zero0_0) [G] (admin)
[18:37:07] [luckperms-command-executor/INFO]: [LP] LOG > webeditor add * true
[18:37:08] [luckperms-command-executor/INFO]: [LP] LOG > (zero0_0) [G] (default)
[18:37:08] [luckperms-command-executor/INFO]: [LP] LOG > webeditor add essentials.sethome true
[18:37:08] [luckperms-command-executor/INFO]: [LP] LOG > (zero0_0) [G] (default)
[18:37:08] [luckperms-command-executor/INFO]: [LP] LOG > webeditor add essentials.home true
[18:37:08] [luckperms-command-executor/INFO]: [LP] LOG > (zero0_0) [G] (vip)
[18:37:08] [luckperms-command-executor/INFO]: [LP] LOG > webeditor add essentials.getpos.others true
[18:37:08] [luckperms-command-executor/INFO]: [LP] LOG > (zero0_0) [G] (vip)
[18:37:08] [luckperms-command-executor/INFO]: [LP] LOG > webeditor add essentials.hom true
[18:37:08] [luckperms-command-executor/INFO]: [LP] LOG > (zero0_0) [G] (vip)
[18:37:08] [luckperms-command-executor/INFO]: [LP] LOG > webeditor add essentials.sethome true
[18:37:14] [Server thread/INFO]: zero0_0 has made the advancement [Monster Hunter]
[18:43:43] [Server thread/INFO]: zero0_0 issued server command: /gamemode spectator
[18:44:30] [Server thread/INFO]: zero0_0 issued server command: /gamemode creative
[18:44:40] [Server thread/INFO]: zero0_0 issued server command: /gamemode spectator
[18:45:05] [Server thread/INFO]: zero0_0 issued server command: /spawn
[18:45:06] [Server thread/WARN]: zero0_0 moved too quickly! -314.0362337087795,47.016910674961764,133.03525486074744
[18:45:12] [Server thread/INFO]: zero0_0 issued server command: /gamemode creative
[18:46:13] [Server thread/INFO]: zero0_0 issued server command: /lp editor
[18:47:30] [Server thread/INFO]: zero0_0 issued server command: /lp applyedits aYtglQeXtl
[18:47:30] [luckperms-command-executor/INFO]: [LP] LOG > (zero0_0) [G] (default)
[18:47:30] [luckperms-command-executor/INFO]: [LP] LOG > webeditor add essentials.spawn true
[18:47:30] [luckperms-command-executor/INFO]: [LP] LOG > (zero0_0) [G] (vip)
[18:47:30] [luckperms-command-executor/INFO]: [LP] LOG > webeditor add essentials.fly true
[18:47:30] [luckperms-command-executor/INFO]: [LP] LOG > (zero0_0) [G] (vip)
[18:47:30] [luckperms-command-executor/INFO]: [LP] LOG > webeditor add essentials.spawn true
[18:48:33] [luckperms-command-executor/INFO]: [LP] Running LuckPerms v5.4.49.
[18:48:33] [luckperms-command-executor/INFO]: > /lp user <user>
[18:48:33] [luckperms-command-executor/INFO]: > /lp group <group>
[18:48:33] [luckperms-command-executor/INFO]: > /lp track <track>
[18:48:33] [luckperms-command-executor/INFO]: > /lp log
[18:48:33] [luckperms-command-executor/INFO]: > /lp sync
[18:48:33] [luckperms-command-executor/INFO]: > /lp info
[18:48:33] [luckperms-command-executor/INFO]: > /lp editor [type]
[18:48:33] [luckperms-command-executor/INFO]: > /lp verbose <on|record|off|upload> [filter]
[18:48:33] [luckperms-command-executor/INFO]: > /lp tree [scope] [player]
[18:48:33] [luckperms-command-executor/INFO]: > /lp search <permission>
[18:48:33] [luckperms-command-executor/INFO]: > /lp networksync
[18:48:33] [luckperms-command-executor/INFO]: > /lp import <file>
[18:48:33] [luckperms-command-executor/INFO]: > /lp export <file>
[18:48:33] [luckperms-command-executor/INFO]: > /lp reloadconfig
[18:48:33] [luckperms-command-executor/INFO]: > /lp bulkupdate
[18:48:33] [luckperms-command-executor/INFO]: > /lp translations
[18:48:33] [luckperms-command-executor/INFO]: > /lp creategroup <group>
[18:48:33] [luckperms-command-executor/INFO]: > /lp deletegroup <group>
[18:48:33] [luckperms-command-executor/INFO]: > /lp listgroups
[18:48:33] [luckperms-command-executor/INFO]: > /lp createtrack <track>
[18:48:33] [luckperms-command-executor/INFO]: > /lp deletetrack <track>
[18:48:33] [luckperms-command-executor/INFO]: > /lp listtracks
[18:48:43] [luckperms-command-executor/INFO]: [LP] zero0_0 had their existing parent groups cleared, and now only inherits vip in context global.
[18:48:54] [Server thread/INFO]: zero0_0 issued server command: /gamemode spectator
[18:48:56] [Server thread/INFO]: zero0_0 issued server command: /gamemode creative
[18:49:00] [Server thread/INFO]: zero0_0 issued server command: /k
[18:49:04] [Async Chat Thread - #0/INFO]: [Not Secure] [Игрок] zero0_0: l
[18:49:41] [luckperms-command-executor/INFO]: [LP] zero0_0 had their existing parent groups cleared, and now only inherits vip in context global.
[18:50:58] [luckperms-command-executor/INFO]: [LP] zero0_0 had their existing parent groups cleared, and now only inherits vip in context global.
[18:51:36] [Async Chat Thread - #2/INFO]: [Not Secure] [VIP] zero0_0: kjk
[18:51:45] [Server thread/INFO]: zero0_0 issued server command: /gamemode spectator
[18:51:46] [Server thread/INFO]: zero0_0 issued server command: /gamemode creative
[18:51:59] [Server thread/INFO]: zero0_0 issued server command: /gamemode spectator
[18:52:02] [Server thread/INFO]: zero0_0 issued server command: /gamemode creative
[18:52:03] [Server thread/INFO]: zero0_0 issued server command: /gamemode spectator
[18:52:05] [Server thread/INFO]: zero0_0 issued server command: /gamemode creative
[18:52:11] [Server thread/INFO]: zero0_0 issued server command: /gamemode survival
[18:52:17] [Server thread/INFO]: zero0_0 issued server command: /fly
[18:52:46] [Server thread/INFO]: zero0_0 issued server command: /home
[18:55:50] [Server thread/INFO]: zero0_0 issued server command: /lp applyedits I8KgdKpIxu
[18:56:03] [Server thread/INFO]: Nothing changed. The player already is an operator
[18:56:17] [Server thread/INFO]: Nothing changed. The player already is an operator
[18:56:53] [Server thread/INFO]: Nothing changed. The player already is an operator
[18:57:08] [Server thread/INFO]: Nothing changed. The player already is an operator
[18:57:20] [Server thread/INFO]: zero0_0 issued server command: /lp applyedits I8KgdKpIxu
[18:57:47] [luckperms-command-executor/INFO]: [LP] A group named op could not be found.
[18:58:00] [Server thread/INFO]: Unknown command. Type "/help" for help.
[18:58:44] [Server thread/INFO]: Nothing changed. The player already is an operator
[18:59:11] [Server thread/INFO]: zero0_0 issued server command: /lp e
[18:59:19] [Server thread/INFO]: zero0_0 issued server command: /lp editor
[18:59:59] [Server thread/INFO]: zero0_0 issued server command: /lp applyedits p4it1DrlJH
[18:59:59] [luckperms-command-executor/INFO]: [LP] LOG > (zero0_0) [G] (default)
[18:59:59] [luckperms-command-executor/INFO]: [LP] LOG > webeditor add prefix.1.&b[Игрок] &r true
[18:59:59] [luckperms-command-executor/INFO]: [LP] LOG > (zero0_0) [G] (default)
[18:59:59] [luckperms-command-executor/INFO]: [LP] LOG > webeditor remove prefix.1.&b[Игрок]  true
[18:59:59] [luckperms-command-executor/INFO]: [LP] LOG > (zero0_0) [G] (vip)
[18:59:59] [luckperms-command-executor/INFO]: [LP] LOG > webeditor add prefix.1.&6[VIP] &f true
[18:59:59] [luckperms-command-executor/INFO]: [LP] LOG > (zero0_0) [G] (vip)
[18:59:59] [luckperms-command-executor/INFO]: [LP] LOG > webeditor remove prefix.1.&6[VIP]  true
[19:00:06] [Async Chat Thread - #4/INFO]: [Not Secure] [VIP] zero0_0: o
[19:03:14] [Server thread/INFO]: zero0_0 issued server command: /fly zero0_0 disable
[19:03:44] [Server thread/INFO]: zero0_0 issued server command: /fly
[19:04:15] [Server thread/INFO]: zero0_0 issued server command: /gamemode creative
[19:05:45] [Server thread/INFO]: Stopping server
[19:05:45] [Server thread/INFO]: [EssentialsDiscord] Disabling EssentialsDiscord v2.20.0-dev+9-dc7fb91
[19:05:45] [Server thread/INFO]: [EssentialsChat] Disabling EssentialsChat v2.20.0-dev+9-dc7fb91
[19:05:45] [Server thread/INFO]: [EssentialsSpawn] Disabling EssentialsSpawn v2.20.0-dev+9-dc7fb91
[19:05:45] [Server thread/INFO]: [Essentials] Disabling Essentials v2.20.0-dev+9-dc7fb91
[19:05:45] [Server thread/INFO]: [Vault] [Economy] Essentials Economy unhooked.
[19:05:46] [Server thread/INFO]: [Vault] Disabling Vault v1.7.3-b131
[19:05:46] [Server thread/INFO]: [LuckPerms] Disabling LuckPerms v5.4.49
[19:05:46] [Server thread/INFO]: [LuckPerms] Starting shutdown process...
[19:05:46] [Server thread/INFO]: [LuckPerms] Closing storage...
[19:05:46] [Server thread/INFO]: [LuckPerms] Goodbye!
[19:05:46] [Server thread/INFO]: [CoreProtect] Disabling CoreProtect v21.2
[19:05:46] [Server thread/INFO]: [CoreProtect] Finishing up data logging. Please wait...
